<?xml version="1.0" encoding="UTF-8"?>
<!-- Generated by org.testng.reporters.JUnitReportReporter -->
<testsuite hostname="LAPTOP-4HJNG98S" failures="0" tests="1" name="LoginTest.Log" time="8.906" errors="0" timestamp="23 Jul 2023 00:31:50 GMT">
  <testcase classname="LoginTest.Log" name="login" time="8.906"/>
</testsuite> <!-- LoginTest.Log -->
